<?xml version="1.0" encoding="UTF-8"?>
<!-- Generated by org.testng.reporters.JUnitReportReporter -->
<testsuite hostname="DESKTOP-G5UJR01" name="TestCases.TestClass" tests="1" failures="0" timestamp="26 Jan 2021 11:43:45 GMT" time="35.762" errors="0">
  <testcase name="init1" time="35.762" classname="TestCases.TestClass"/>
</testsuite> <!-- TestCases.TestClass -->
